Added Pin To Net: NetName=UP Pin=U3-14
Added Pin To Net: NetName=DOWN Pin=U3-15
Added Pin To Net: NetName=BACK Pin=U3-16
Added Pin To Net: NetName=OK Pin=U3-17
Added Member To Class: ClassName=Sheet1 Member=Component * module i2c
Added Member To Class: ClassName=Sheet1 Member=Component C1 100uF
Added Member To Class: ClassName=Sheet1 Member=Component C2 100uF
Added Member To Class: ClassName=Sheet1 Member=Component C3 C0805
Added Member To Class: ClassName=Sheet1 Member=Component C5 C0805
Added Member To Class: ClassName=Sheet1 Member=Component D1 LED
Added Member To Class: ClassName=Sheet1 Member=Component D2 DIODE
Added Member To Class: ClassName=Sheet1 Member=Component D4 LED
Added Member To Class: ClassName=Sheet1 Member=Component D6 LED
Added Member To Class: ClassName=Sheet1 Member=Component D8 LED
Added Member To Class: ClassName=Sheet1 Member=Component ISO1 OPTO
Added Member To Class: ClassName=Sheet1 Member=Component P1 Header 5
Added Member To Class: ClassName=Sheet1 Member=Component P2 CON 3 EDG5.08
Added Member To Class: ClassName=Sheet1 Member=Component Q1 NPN-TO92
Added Member To Class: ClassName=Sheet1 Member=Component R2 R0805
Added Member To Class: ClassName=Sheet1 Member=Component R3 R0805
Added Member To Class: ClassName=Sheet1 Member=Component R4 R0805
Added Member To Class: ClassName=Sheet1 Member=Component R5 1k
Added Member To Class: ClassName=Sheet1 Member=Component R7 1k
Added Member To Class: ClassName=Sheet1 Member=Component R9 R0805
Added Member To Class: ClassName=Sheet1 Member=Component R11 1k
Added Member To Class: ClassName=Sheet1 Member=Component REL1 RELAY 5V 10A
Added Member To Class: ClassName=Sheet1 Member=Component S1 SWITCH
Added Member To Class: ClassName=Sheet1 Member=Component S2 SWITCH
Added Member To Class: ClassName=Sheet1 Member=Component U2 AMS1117
Added Room: Name=Sheet1
