Removed Pin From Net: NetName=GND Pin=D?-2
Removed Member From Class: ClassName=Sheet1 Member=D?
Removed Member From Class: ClassName=Sheet1 Member=REL?
Change Component Designator: OldDesignator=C? NewDesignator=C1
Change Component Designator: OldDesignator=C? NewDesignator=C2
Change Component Designator: OldDesignator=C? NewDesignator=C3
Change Component Designator: OldDesignator=JACK? NewDesignator=JACK1
Change Component Designator: OldDesignator=LCD? NewDesignator=LCD1
Change Component Designator: OldDesignator=R? NewDesignator=R4
Change Component Designator: OldDesignator=R? NewDesignator=R9
Change Component Designator: OldDesignator=R? NewDesignator=R10
Change Component Designator: OldDesignator=U? NewDesignator=U1
Change Component Designator: OldDesignator=U? NewDesignator=U2
Change Component Designator: OldDesignator=U? NewDesignator=U3
Added Component: Designator=C4(CAP_0805)
Add component (AddParameter): Name = "Dielectric"; Value = ""; VariantName = "[No Variations]"
Add component (AddParameter): Name = "Distributor Link"; Value = ""; VariantName = "[No Variations]"
Add component (AddParameter): Name = "LCSC"; Value = ""; VariantName = "[No Variations]"
Add component (AddParameter): Name = "Manufacturer"; Value = ""; VariantName = "[No Variations]"
Add component (AddParameter): Name = "Manufacturer Part Number"; Value = ""; VariantName = "[No Variations]"
Add component (AddParameter): Name = "Rating"; Value = ""; VariantName = "[No Variations]"
Added Component: Designator=C5(CAP_0805)
Add component (AddParameter): Name = "Dielectric"; Value = ""; VariantName = "[No Variations]"
Add component (AddParameter): Name = "Distributor Link"; Value = ""; VariantName = "[No Variations]"
Add component (AddParameter): Name = "LCSC"; Value = ""; VariantName = "[No Variations]"
Add component (AddParameter): Name = "Manufacturer"; Value = ""; VariantName = "[No Variations]"
Add component (AddParameter): Name = "Manufacturer Part Number"; Value = ""; VariantName = "[No Variations]"
Add component (AddParameter): Name = "Rating"; Value = ""; VariantName = "[No Variations]"
Added Component: Designator=C6(CAP_0805)
Add component (AddParameter): Name = "Dielectric"; Value = ""; VariantName = "[No Variations]"
Add component (AddParameter): Name = "Distributor Link"; Value = ""; VariantName = "[No Variations]"
Add component (AddParameter): Name = "LCSC"; Value = ""; VariantName = "[No Variations]"
Add component (AddParameter): Name = "Manufacturer"; Value = ""; VariantName = "[No Variations]"
Add component (AddParameter): Name = "Manufacturer Part Number"; Value = ""; VariantName = "[No Variations]"
Add component (AddParameter): Name = "Rating"; Value = ""; VariantName = "[No Variations]"
Added Component: Designator=C7(CAP_0805)
Add component (AddParameter): Name = "Dielectric"; Value = ""; VariantName = "[No Variations]"
Add component (AddParameter): Name = "Distributor Link"; Value = ""; VariantName = "[No Variations]"
Add component (AddParameter): Name = "LCSC"; Value = ""; VariantName = "[No Variations]"
Add component (AddParameter): Name = "Manufacturer"; Value = ""; VariantName = "[No Variations]"
Add component (AddParameter): Name = "Manufacturer Part Number"; Value = ""; VariantName = "[No Variations]"
Add component (AddParameter): Name = "Rating"; Value = ""; VariantName = "[No Variations]"
Added Component: Designator=D1(LED5MM RED)
Added Component: Designator=D2(DIODE SMA)
Added Component: Designator=D3(LED5MM RED)
Added Component: Designator=D4(LED5MM RED)
Added Component: Designator=D5(DIODE DIP)
Added Component: Designator=D6(LED5MM RED)
Added Component: Designator=D7(DIODE DIP)
Added Component: Designator=D8(LED5MM RED)
Added Component: Designator=D9(DIODE DIP)
Added Component: Designator=ISO1(PC817 DIP)
Add component (AddParameter): Name = "Value"; Value = "TLP5211"; VariantName = "[No Variations]"
Added Component: Designator=ISO2(PC817 DIP)
Add component (AddParameter): Name = "Value"; Value = "TLP5211"; VariantName = "[No Variations]"
Added Component: Designator=ISO3(PC817 DIP)
Add component (AddParameter): Name = "Value"; Value = "TLP5211"; VariantName = "[No Variations]"
Added Component: Designator=P1(JP 1X5 DT)
Add component (AddParameter): Name = "LatestRevisionDate"; Value = "17-Jul-2002"; VariantName = "[No Variations]"
Add component (AddParameter): Name = "LatestRevisionNote"; Value = "Re-released for DXP Platform."; VariantName = "[No Variations]"
Add component (AddParameter): Name = "Publisher"; Value = "Altium Limited"; VariantName = "[No Variations]"
Added Component: Designator=P2(Con 3 KF301 5.08)
Add component (AddParameter): Name = "Chung_Loai"; Value = "C?m"; VariantName = "[No Variations]"
Add component (AddParameter): Name = "Don_Vi"; Value = "Con"; VariantName = "[No Variations]"
Add component (AddParameter): Name = "Ghi_Chu"; Value = ""; VariantName = "[No Variations]"
Add component (AddParameter): Name = "Kieu_Chan"; Value = ""; VariantName = "[No Variations]"
Add component (AddParameter): Name = "Ma_Hang"; Value = "MH000760"; VariantName = "[No Variations]"
Add component (AddParameter): Name = "Ten_Linh_Kien"; Value = "CON 3 2EDG5.08-3P 5.08MM ( Xanh Cong)"; VariantName = "[No Variations]"
Added Component: Designator=P3(Con 3 KF301 5.08)
Add component (AddParameter): Name = "Chung_Loai"; Value = "C?m"; VariantName = "[No Variations]"
Add component (AddParameter): Name = "Don_Vi"; Value = "Con"; VariantName = "[No Variations]"
Add component (AddParameter): Name = "Ghi_Chu"; Value = ""; VariantName = "[No Variations]"
Add component (AddParameter): Name = "Kieu_Chan"; Value = ""; VariantName = "[No Variations]"
Add component (AddParameter): Name = "Ma_Hang"; Value = "MH000760"; VariantName = "[No Variations]"
Add component (AddParameter): Name = "Ten_Linh_Kien"; Value = "CON 3 2EDG5.08-3P 5.08MM ( Xanh Cong)"; VariantName = "[No Variations]"
Added Component: Designator=P4(Con 3 KF301 5.08)
Add component (AddParameter): Name = "Chung_Loai"; Value = "C?m"; VariantName = "[No Variations]"
Add component (AddParameter): Name = "Don_Vi"; Value = "Con"; VariantName = "[No Variations]"
Add component (AddParameter): Name = "Ghi_Chu"; Value = ""; VariantName = "[No Variations]"
Add component (AddParameter): Name = "Kieu_Chan"; Value = ""; VariantName = "[No Variations]"
Add component (AddParameter): Name = "Ma_Hang"; Value = "MH000760"; VariantName = "[No Variations]"
Add component (AddParameter): Name = "Ten_Linh_Kien"; Value = "CON 3 2EDG5.08-3P 5.08MM ( Xanh Cong)"; VariantName = "[No Variations]"
Added Component: Designator=Q1(TO-92)
Added Component: Designator=Q2(TO-92)
Added Component: Designator=Q3(TO-92)
Added Component: Designator=R1(RES_0805)
Add component (AddParameter): Name = "Distributor Link"; Value = ""; VariantName = "[No Variations]"
Add component (AddParameter): Name = "LCSC"; Value = ""; VariantName = "[No Variations]"
Add component (AddParameter): Name = "Manufacturer"; Value = ""; VariantName = "[No Variations]"
Add component (AddParameter): Name = "Manufacturer Part Number"; Value = ""; VariantName = "[No Variations]"
Added Component: Designator=R2(RES_0805)
Add component (AddParameter): Name = "Distributor Link"; Value = ""; VariantName = "[No Variations]"
Add component (AddParameter): Name = "LCSC"; Value = ""; VariantName = "[No Variations]"
Add component (AddParameter): Name = "Manufacturer"; Value = ""; VariantName = "[No Variations]"
Add component (AddParameter): Name = "Manufacturer Part Number"; Value = ""; VariantName = "[No Variations]"
Added Component: Designator=R3(RES_0805)
Add component (AddParameter): Name = "Distributor Link"; Value = ""; VariantName = "[No Variations]"
Add component (AddParameter): Name = "LCSC"; Value = ""; VariantName = "[No Variations]"
Add component (AddParameter): Name = "Manufacturer"; Value = ""; VariantName = "[No Variations]"
Add component (AddParameter): Name = "Manufacturer Part Number"; Value = ""; VariantName = "[No Variations]"
Added Component: Designator=R5(RESISTOR)
Add component (AddParameter): Name = "Value"; Value = "R1/4W - 1K"; VariantName = "[No Variations]"
Added Component: Designator=R6(RESISTOR)
Add component (AddParameter): Name = "Value"; Value = "R1/4W - 1K"; VariantName = "[No Variations]"
Added Component: Designator=R7(RESISTOR)
Add component (AddParameter): Name = "Value"; Value = "R1/4W - 1K"; VariantName = "[No Variations]"
Added Component: Designator=R8(RESISTOR)
Add component (AddParameter): Name = "Value"; Value = "R1/4W - 1K"; VariantName = "[No Variations]"
Added Component: Designator=R11(RESISTOR)
Add component (AddParameter): Name = "Value"; Value = "R1/4W - 1K"; VariantName = "[No Variations]"
Added Component: Designator=R12(RES_0805)
Add component (AddParameter): Name = "Distributor Link"; Value = ""; VariantName = "[No Variations]"
Add component (AddParameter): Name = "LCSC"; Value = ""; VariantName = "[No Variations]"
Add component (AddParameter): Name = "Manufacturer"; Value = ""; VariantName = "[No Variations]"
Add component (AddParameter): Name = "Manufacturer Part Number"; Value = ""; VariantName = "[No Variations]"
Added Component: Designator=R13(RES_0805)
Add component (AddParameter): Name = "Distributor Link"; Value = ""; VariantName = "[No Variations]"
Add component (AddParameter): Name = "LCSC"; Value = ""; VariantName = "[No Variations]"
Add component (AddParameter): Name = "Manufacturer"; Value = ""; VariantName = "[No Variations]"
Add component (AddParameter): Name = "Manufacturer Part Number"; Value = ""; VariantName = "[No Variations]"
Added Component: Designator=R14(RES_0805)
Add component (AddParameter): Name = "Distributor Link"; Value = ""; VariantName = "[No Variations]"
Add component (AddParameter): Name = "LCSC"; Value = ""; VariantName = "[No Variations]"
Add component (AddParameter): Name = "Manufacturer"; Value = ""; VariantName = "[No Variations]"
Add component (AddParameter): Name = "Manufacturer Part Number"; Value = ""; VariantName = "[No Variations]"
Added Component: Designator=R15(RES_0805)
Add component (AddParameter): Name = "Distributor Link"; Value = ""; VariantName = "[No Variations]"
Add component (AddParameter): Name = "LCSC"; Value = ""; VariantName = "[No Variations]"
Add component (AddParameter): Name = "Manufacturer"; Value = ""; VariantName = "[No Variations]"
Add component (AddParameter): Name = "Manufacturer Part Number"; Value = ""; VariantName = "[No Variations]"
Added Component: Designator=R16(RESISTOR)
Add component (AddParameter): Name = "Value"; Value = "R1/4W - 1K"; VariantName = "[No Variations]"
Added Component: Designator=REL1(RELAY 5V-10A)
Added Component: Designator=REL2(RELAY 5V-10A)
Added Component: Designator=REL3(RELAY 5V-10A)
Added Component: Designator=S1(SW 4PIN 12x12x7)
Add component (AddParameter): Name = "LatestRevisionDate"; Value = "17-Jul-2002"; VariantName = "[No Variations]"
Add component (AddParameter): Name = "LatestRevisionNote"; Value = "Re-released for DXP Platform."; VariantName = "[No Variations]"
Add component (AddParameter): Name = "PackageReference"; Value = "SPST-2"; VariantName = "[No Variations]"
Add component (AddParameter): Name = "Published"; Value = "24-Mar-1999"; VariantName = "[No Variations]"
Add component (AddParameter): Name = "Publisher"; Value = "Altium Limited"; VariantName = "[No Variations]"
Added Component: Designator=S2(SW 4PIN 12x12x7)
Add component (AddParameter): Name = "LatestRevisionDate"; Value = "17-Jul-2002"; VariantName = "[No Variations]"
Add component (AddParameter): Name = "LatestRevisionNote"; Value = "Re-released for DXP Platform."; VariantName = "[No Variations]"
Add component (AddParameter): Name = "PackageReference"; Value = "SPST-2"; VariantName = "[No Variations]"
Add component (AddParameter): Name = "Published"; Value = "24-Mar-1999"; VariantName = "[No Variations]"
Add component (AddParameter): Name = "Publisher"; Value = "Altium Limited"; VariantName = "[No Variations]"
Added Component: Designator=S3(SW 4PIN 12x12x7)
Add component (AddParameter): Name = "LatestRevisionDate"; Value = "17-Jul-2002"; VariantName = "[No Variations]"
Add component (AddParameter): Name = "LatestRevisionNote"; Value = "Re-released for DXP Platform."; VariantName = "[No Variations]"
Add component (AddParameter): Name = "PackageReference"; Value = "SPST-2"; VariantName = "[No Variations]"
Add component (AddParameter): Name = "Published"; Value = "24-Mar-1999"; VariantName = "[No Variations]"
Add component (AddParameter): Name = "Publisher"; Value = "Altium Limited"; VariantName = "[No Variations]"
Added Component: Designator=S4(SW 4PIN 12x12x7)
Add component (AddParameter): Name = "LatestRevisionDate"; Value = "17-Jul-2002"; VariantName = "[No Variations]"
Add component (AddParameter): Name = "LatestRevisionNote"; Value = "Re-released for DXP Platform."; VariantName = "[No Variations]"
Add component (AddParameter): Name = "PackageReference"; Value = "SPST-2"; VariantName = "[No Variations]"
Add component (AddParameter): Name = "Published"; Value = "24-Mar-1999"; VariantName = "[No Variations]"
Add component (AddParameter): Name = "Publisher"; Value = "Altium Limited"; VariantName = "[No Variations]"
Added Pin To Net: NetName=SDA Pin=*-19
Added Pin To Net: NetName=SCL Pin=*-20
Added Pin To Net: NetName=GND Pin=C4-2
Added Pin To Net: NetName=GND Pin=C5-2
Added Pin To Net: NetName=GND Pin=C6-2
Added Pin To Net: NetName=GND Pin=C7-2
Added Pin To Net: NetName=+5 Pin=D2-1
Added Pin To Net: NetName=GND Pin=D3-2
Added Pin To Net: NetName=+5 Pin=D5-2
Added Pin To Net: NetName=+5 Pin=D7-2
Added Pin To Net: NetName=+5 Pin=D9-2
Added Pin To Net: NetName=+5 Pin=ISO2-4
Added Pin To Net: NetName=+5 Pin=ISO3-4
Added Pin To Net: NetName=GND Pin=P1-1
Added Pin To Net: NetName=+3.3V Pin=P1-2
Added Pin To Net: NetName=GND Pin=Q1-1
Added Pin To Net: NetName=GND Pin=Q2-1
Added Pin To Net: NetName=GND Pin=Q3-1
Added Pin To Net: NetName=+3.3V Pin=R1-1
Added Pin To Net: NetName=+3.3V Pin=R2-1
Added Pin To Net: NetName=+3.3V Pin=R3-1
Added Pin To Net: NetName=+3.3V Pin=R5-2
Added Pin To Net: NetName=+3.3V Pin=R7-2
Added Pin To Net: NetName=+3.3V Pin=R11-2
Added Pin To Net: NetName=+3.3V Pin=R12-2
Added Pin To Net: NetName=+3.3V Pin=R13-2
Added Pin To Net: NetName=+3.3V Pin=R14-2
Added Pin To Net: NetName=+3.3V Pin=R15-2
Added Pin To Net: NetName=+5 Pin=REL1-5
Added Pin To Net: NetName=+5 Pin=REL2-5
Added Pin To Net: NetName=+5 Pin=REL3-5
Added Pin To Net: NetName=GND Pin=S1-2
Added Pin To Net: NetName=GND Pin=S1-2
Added Pin To Net: NetName=GND Pin=S2-2
Added Pin To Net: NetName=GND Pin=S2-2
Added Pin To Net: NetName=GND Pin=S3-2
Added Pin To Net: NetName=GND Pin=S3-2
Added Pin To Net: NetName=GND Pin=S4-2
Added Pin To Net: NetName=GND Pin=S4-2
Added Pin To Net: NetName=DHT11 Pin=U3-11
Change Net Name : Old Net Name=NetC?_2 New Net Name=NetC3_2
Change Net Name : Old Net Name=NetR?_2 New Net Name=NetR10_2
Added Pin To Net: NetName=BACK Pin=C6-1
Added Pin To Net: NetName=BACK Pin=R14-1
Added Pin To Net: NetName=BACK Pin=S3-1
Added Pin To Net: NetName=BACK Pin=S3-1
Added Pin To Net: NetName=BACK Pin=U3-15
Added Net: Name=BACK
Added Pin To Net: NetName=DOWN Pin=C5-1
Added Pin To Net: NetName=DOWN Pin=R13-1
Added Pin To Net: NetName=DOWN Pin=S2-1
Added Pin To Net: NetName=DOWN Pin=S2-1
Added Pin To Net: NetName=DOWN Pin=U3-14
Added Net: Name=DOWN
Added Pin To Net: NetName=LED Pin=D1-2
Added Pin To Net: NetName=LED Pin=U3-12
Added Net: Name=LED
Added Pin To Net: NetName=NetC2_1 Pin=C2-1
Added Pin To Net: NetName=NetC2_1 Pin=U2-3
Added Net: Name=NetC2_1
Added Pin To Net: NetName=NetD1_1 Pin=D1-1
Added Pin To Net: NetName=NetD1_1 Pin=R1-2
Added Net: Name=NetD1_1
Added Pin To Net: NetName=NetD3_1 Pin=D3-1
Added Pin To Net: NetName=NetD3_1 Pin=R4-2
Added Net: Name=NetD3_1
Added Pin To Net: NetName=NetD4_1 Pin=D4-1
Added Pin To Net: NetName=NetD4_1 Pin=R5-1
Added Net: Name=NetD4_1
Added Pin To Net: NetName=NetD4_2 Pin=D4-2
Added Pin To Net: NetName=NetD4_2 Pin=ISO1-1
Added Net: Name=NetD4_2
Added Pin To Net: NetName=NetD5_1 Pin=D5-1
Added Pin To Net: NetName=NetD5_1 Pin=Q1-2
Added Pin To Net: NetName=NetD5_1 Pin=REL1-4
Added Net: Name=NetD5_1
Added Pin To Net: NetName=NetD6_1 Pin=D6-1
Added Pin To Net: NetName=NetD6_1 Pin=R7-1
Added Net: Name=NetD6_1
Added Pin To Net: NetName=NetD6_2 Pin=D6-2
Added Pin To Net: NetName=NetD6_2 Pin=ISO2-1
Added Net: Name=NetD6_2
Added Pin To Net: NetName=NetD7_1 Pin=D7-1
Added Pin To Net: NetName=NetD7_1 Pin=Q2-2
Added Pin To Net: NetName=NetD7_1 Pin=REL2-4
Added Net: Name=NetD7_1
Added Pin To Net: NetName=NetD8_1 Pin=D8-1
Added Pin To Net: NetName=NetD8_1 Pin=R11-1
Added Net: Name=NetD8_1
Added Pin To Net: NetName=NetD8_2 Pin=D8-2
Added Pin To Net: NetName=NetD8_2 Pin=ISO3-1
Added Net: Name=NetD8_2
Added Pin To Net: NetName=NetD9_1 Pin=D9-1
Added Pin To Net: NetName=NetD9_1 Pin=Q3-2
Added Pin To Net: NetName=NetD9_1 Pin=REL3-4
Added Net: Name=NetD9_1
Added Pin To Net: NetName=NetISO2_3 Pin=ISO2-3
Added Pin To Net: NetName=NetISO2_3 Pin=R8-1
Added Net: Name=NetISO2_3
Added Pin To Net: NetName=NetISO3_3 Pin=ISO3-3
Added Pin To Net: NetName=NetISO3_3 Pin=R16-1
Added Net: Name=NetISO3_3
Added Pin To Net: NetName=NetP2_1 Pin=P2-1
Added Pin To Net: NetName=NetP2_1 Pin=REL1-2
Added Net: Name=NetP2_1
Added Pin To Net: NetName=NetP2_2 Pin=P2-2
Added Pin To Net: NetName=NetP2_2 Pin=REL1-1
Added Net: Name=NetP2_2
Added Pin To Net: NetName=NetP2_3 Pin=P2-3
Added Pin To Net: NetName=NetP2_3 Pin=REL1-3
Added Net: Name=NetP2_3
Added Pin To Net: NetName=NetP3_1 Pin=P3-1
Added Pin To Net: NetName=NetP3_1 Pin=REL2-2
Added Net: Name=NetP3_1
Added Pin To Net: NetName=NetP3_2 Pin=P3-2
Added Pin To Net: NetName=NetP3_2 Pin=REL2-1
Added Net: Name=NetP3_2
Added Pin To Net: NetName=NetP3_3 Pin=P3-3
Added Pin To Net: NetName=NetP3_3 Pin=REL2-3
Added Net: Name=NetP3_3
Added Pin To Net: NetName=NetP4_1 Pin=P4-1
Added Pin To Net: NetName=NetP4_1 Pin=REL3-2
Added Net: Name=NetP4_1
Added Pin To Net: NetName=NetP4_2 Pin=P4-2
Added Pin To Net: NetName=NetP4_2 Pin=REL3-1
Added Net: Name=NetP4_2
Added Pin To Net: NetName=NetP4_3 Pin=P4-3
Added Pin To Net: NetName=NetP4_3 Pin=REL3-3
Added Net: Name=NetP4_3
Added Pin To Net: NetName=NetQ1_3 Pin=Q1-3
Added Pin To Net: NetName=NetQ1_3 Pin=R6-2
Added Net: Name=NetQ1_3
Added Pin To Net: NetName=NetQ2_3 Pin=Q2-3
Added Pin To Net: NetName=NetQ2_3 Pin=R8-2
Added Net: Name=NetQ2_3
Added Pin To Net: NetName=NetQ3_3 Pin=Q3-3
Added Pin To Net: NetName=NetQ3_3 Pin=R16-2
Added Net: Name=NetQ3_3
Added Pin To Net: NetName=NetR9_2 Pin=R9-2
Added Pin To Net: NetName=NetR9_2 Pin=U3-20
Added Net: Name=NetR9_2
Added Pin To Net: NetName=OK Pin=C7-1
Added Pin To Net: NetName=OK Pin=R15-1
Added Pin To Net: NetName=OK Pin=S4-1
Added Pin To Net: NetName=OK Pin=S4-1
Added Pin To Net: NetName=OK Pin=U3-16
Added Net: Name=OK
Added Pin To Net: NetName=RELAY_1 Pin=ISO3-2
Added Pin To Net: NetName=RELAY_1 Pin=U3-31
Added Net: Name=RELAY_1
Added Pin To Net: NetName=RELAY_2 Pin=ISO2-2
Added Pin To Net: NetName=RELAY_2 Pin=U3-30
Added Net: Name=RELAY_2
Added Pin To Net: NetName=RELAY_3 Pin=ISO1-2
Added Pin To Net: NetName=RELAY_3 Pin=U3-29
Added Net: Name=RELAY_3
Added Pin To Net: NetName=SWCLK Pin=P1-4
Added Pin To Net: NetName=SWCLK Pin=R3-2
Added Net: Name=SWCLK
Added Pin To Net: NetName=SWDIO Pin=P1-5
Added Pin To Net: NetName=SWDIO Pin=R2-2
Added Net: Name=SWDIO
Added Pin To Net: NetName=UP Pin=C4-1
Added Pin To Net: NetName=UP Pin=R12-1
Added Pin To Net: NetName=UP Pin=S1-1
Added Pin To Net: NetName=UP Pin=S1-1
Added Pin To Net: NetName=UP Pin=U3-13
Added Net: Name=UP
Added Member To Class: ClassName=Sheet1 Member=Component C2 100uF
Added Member To Class: ClassName=Sheet1 Member=Component C3 C0805
Added Member To Class: ClassName=Sheet1 Member=Component C4 C0805
Added Member To Class: ClassName=Sheet1 Member=Component C5 C0805
Added Member To Class: ClassName=Sheet1 Member=Component C6 C0805
Added Member To Class: ClassName=Sheet1 Member=Component C7 C0805
Added Member To Class: ClassName=Sheet1 Member=Component D1 LED
Added Member To Class: ClassName=Sheet1 Member=Component D2 DIODE
Added Member To Class: ClassName=Sheet1 Member=Component D3 LED
Added Member To Class: ClassName=Sheet1 Member=Component D4 LED
Added Member To Class: ClassName=Sheet1 Member=Component D5 DIODE
Added Member To Class: ClassName=Sheet1 Member=Component D6 LED
Added Member To Class: ClassName=Sheet1 Member=Component D7 DIODE
Added Member To Class: ClassName=Sheet1 Member=Component D8 LED
Added Member To Class: ClassName=Sheet1 Member=Component D9 DIODE
Added Member To Class: ClassName=Sheet1 Member=Component ISO1 OPTO
Added Member To Class: ClassName=Sheet1 Member=Component ISO2 OPTO
Added Member To Class: ClassName=Sheet1 Member=Component ISO3 OPTO
Added Member To Class: ClassName=Sheet1 Member=Component P1 Header 5
Added Member To Class: ClassName=Sheet1 Member=Component P2 CON 3 EDG5.08
Added Member To Class: ClassName=Sheet1 Member=Component P3 CON 3 EDG5.08
Added Member To Class: ClassName=Sheet1 Member=Component P4 CON 3 EDG5.08
Added Member To Class: ClassName=Sheet1 Member=Component Q1 NPN-TO92
Added Member To Class: ClassName=Sheet1 Member=Component Q2 NPN-TO92
Added Member To Class: ClassName=Sheet1 Member=Component Q3 NPN-TO92
Added Member To Class: ClassName=Sheet1 Member=Component R1 R0805
Added Member To Class: ClassName=Sheet1 Member=Component R2 R0805
Added Member To Class: ClassName=Sheet1 Member=Component R3 R0805
Added Member To Class: ClassName=Sheet1 Member=Component R4 R0805
Added Member To Class: ClassName=Sheet1 Member=Component R5 1k
Added Member To Class: ClassName=Sheet1 Member=Component R6 1k
Added Member To Class: ClassName=Sheet1 Member=Component R7 1k
Added Member To Class: ClassName=Sheet1 Member=Component R8 1k
Added Member To Class: ClassName=Sheet1 Member=Component R10 R0805
Added Member To Class: ClassName=Sheet1 Member=Component R11 1k
Added Member To Class: ClassName=Sheet1 Member=Component R12 R0805
Added Member To Class: ClassName=Sheet1 Member=Component R13 R0805
Added Member To Class: ClassName=Sheet1 Member=Component R14 R0805
Added Member To Class: ClassName=Sheet1 Member=Component R15 R0805
Added Member To Class: ClassName=Sheet1 Member=Component R16 1k
Added Member To Class: ClassName=Sheet1 Member=Component REL1 RELAY 5V 10A
Added Member To Class: ClassName=Sheet1 Member=Component REL2 RELAY 5V 10A
Added Member To Class: ClassName=Sheet1 Member=Component REL3 RELAY 5V 10A
Added Member To Class: ClassName=Sheet1 Member=Component S1 SWITCH
Added Member To Class: ClassName=Sheet1 Member=Component S2 SWITCH
Added Member To Class: ClassName=Sheet1 Member=Component S3 SWITCH
Added Member To Class: ClassName=Sheet1 Member=Component S4 SWITCH
Added Member To Class: ClassName=Sheet1 Member=Component U1 DHT22
Added Member To Class: ClassName=Sheet1 Member=Component U3 STM32F103C8T6-LQFP48
Added Room: Name=Sheet1
