Removed Pin From Net: NetName=NetC14_2 Pin=J1-C1
Removed Pin From Net: NetName=GND Pin=J1-C5
Removed Pin From Net: NetName=GND Pin=J1-SH1
Removed Pin From Net: NetName=GND Pin=J1-SH2
Removed Pin From Net: NetName=GND Pin=J1-SH3
Added Component: Designator=J?(CUI_MSIM-2-A)
Add component (AddParameter): Name = "Check_prices"; Value = "https://www.snapeda.com/parts/MSIM-2-A/Same+Sky/view-part/?ref=eda"; VariantName = "[No Variations]"
Add component (AddParameter): Name = "MF"; Value = "Same Sky"; VariantName = "[No Variations]"
Add component (AddParameter): Name = "MP"; Value = "MSIM-2-A"; VariantName = "[No Variations]"
Add component (AddParameter): Name = "Package"; Value = "None"; VariantName = "[No Variations]"
Add component (AddParameter): Name = "SnapEDA_Link"; Value = "https://www.snapeda.com/parts/MSIM-2-A/Same+Sky/view-part/?ref=snap"; VariantName = "[No Variations]"
Add component (AddParameter): Name = "Value"; Value = ""; VariantName = "[No Variations]"
Added Pin To Net: NetName=NetC14_2 Pin=J?-C1
Added Pin To Net: NetName=GND Pin=J?-C5
Added Pin To Net: NetName=NetJ?_C2 Pin=J?-C2
Added Pin To Net: NetName=NetJ?_C2 Pin=R15-2
Added Pin To Net: NetName=NetJ?_C2 Pin=U4-3
Added Net: Name=NetJ?_C2
Added Pin To Net: NetName=NetJ?_C3 Pin=J?-C3
Added Pin To Net: NetName=NetJ?_C3 Pin=R17-2
Added Pin To Net: NetName=NetJ?_C3 Pin=U4-4
Added Net: Name=NetJ?_C3
Added Pin To Net: NetName=NetJ?_C7 Pin=J?-C7
Added Pin To Net: NetName=NetJ?_C7 Pin=R13-1
Added Pin To Net: NetName=NetJ?_C7 Pin=R14-2
Added Net: Name=NetJ?_C7
Added Member To Class: ClassName=Sheet Member=Component D1 B340A-13
Added Member To Class: ClassName=Sheet Member=Component J? MSIM-2-A
Added Member To Class: ClassName=Sheet Member=Component L1 LED 0805
