Removed Pin From Net: NetName=RST Pin=R8-1
Removed Pin From Net: NetName=+3.3V Pin=R10-1
Removed Pin From Net: NetName=FLASH Pin=SW1-1
Removed Pin From Net: NetName=GND Pin=SW2-2
Removed Pin From Net: NetName=RST Pin=U2-1
Removed Member From Class: ClassName=Sheet1 Member=R8
Removed Member From Class: ClassName=Sheet1 Member=R9
Removed Member From Class: ClassName=Sheet1 Member=R10
Removed Member From Class: ClassName=Sheet1 Member=SW1
Removed Member From Class: ClassName=Sheet1 Member=SW2
Added Component: Designator=JP?(JP 1x2 DT)
Add component (AddParameter): Name = "Chung_Loai"; Value = "C?m"; VariantName = "[No Variations]"
Add component (AddParameter): Name = "Don_Vi"; Value = "Con"; VariantName = "[No Variations]"
Add component (AddParameter): Name = "Ghi_Chu"; Value = ""; VariantName = "[No Variations]"
Add component (AddParameter): Name = "Kieu_Chan"; Value = ""; VariantName = "[No Variations]"
Add component (AddParameter): Name = "Ma_Hang"; Value = "MH000903"; VariantName = "[No Variations]"
Add component (AddParameter): Name = "Ten_Linh_Kien"; Value = "Jump Ðon Ð?c 2.54MM 1x40P Th?ng 11MM"; VariantName = "[No Variations]"
Added Pin To Net: NetName=FLASH Pin=JP?-1
Added Pin To Net: NetName=NetR6_2 Pin=U2-1
Added Pin To Net: NetName=NetJP?_2 Pin=JP?-2
Added Pin To Net: NetName=NetJP?_2 Pin=R12-2
Added Net: Name=NetJP?_2
Added Member To Class: ClassName=Sheet1 Member=Component JP? JP 1x8 2.54
Added Room: Name=Sheet1
