Change Component Footprint: Designator=D1 Old Footprint=DIOM5226X240N New Footprint=B340A
Change Component Footprint: Designator=D2 Old Footprint=DIOM5226X240N New Footprint=B340A
Change Component Comment : Designator=D1 Old Comment=B340A New Comment=B340A-13
Change Component Comment : Designator=D2 Old Comment=B340A New Comment=B340A-13
Change component parameters: Designator = "D1" ("D1"); Footprint = "DIOM5226X240N"; UniqueID = "\AUPMTACY" ("\AUPMTACY")
Change component parameters (AddParameter): Name = "Availability"; Value = "In Stock"; VariantName = "[No Variations]"
Change component parameters (AddParameter): Name = "Check_prices"; Value = "https://www.snapeda.com/parts/B340A-13/Diodes+Inc./view-part/?ref=eda"; VariantName = "[No Variations]"
Change component parameters (AddParameter): Name = "MF"; Value = "Diodes Inc."; VariantName = "[No Variations]"
Change component parameters (AddParameter): Name = "MP"; Value = "B340A-13"; VariantName = "[No Variations]"
Change component parameters (AddParameter): Name = "Package"; Value = "DO-214 Diodes Inc."; VariantName = "[No Variations]"
Change component parameters (AddParameter): Name = "Price"; Value = "None"; VariantName = "[No Variations]"
Change component parameters (AddParameter): Name = "Purchase-URL"; Value = "https://pricing.snapeda.com/search/part/B340A-13/?ref=eda"; VariantName = "[No Variations]"
Change component parameters (AddParameter): Name = "SnapEDA_Link"; Value = "https://www.snapeda.com/parts/B340A-13/Diodes+Inc./view-part/?ref=snap"; VariantName = "[No Variations]"
Change component parameters (AddParameter): Name = "Value"; Value = ""; VariantName = "[No Variations]"
Change component parameters: Designator = "D2" ("D2"); Footprint = "DIOM5226X240N"; UniqueID = "\WCIDBEYK" ("\WCIDBEYK")
Change component parameters (AddParameter): Name = "Availability"; Value = "In Stock"; VariantName = "[No Variations]"
Change component parameters (AddParameter): Name = "Check_prices"; Value = "https://www.snapeda.com/parts/B340A-13/Diodes+Inc./view-part/?ref=eda"; VariantName = "[No Variations]"
Change component parameters (AddParameter): Name = "MF"; Value = "Diodes Inc."; VariantName = "[No Variations]"
Change component parameters (AddParameter): Name = "MP"; Value = "B340A-13"; VariantName = "[No Variations]"
Change component parameters (AddParameter): Name = "Package"; Value = "DO-214 Diodes Inc."; VariantName = "[No Variations]"
Change component parameters (AddParameter): Name = "Price"; Value = "None"; VariantName = "[No Variations]"
Change component parameters (AddParameter): Name = "Purchase-URL"; Value = "https://pricing.snapeda.com/search/part/B340A-13/?ref=eda"; VariantName = "[No Variations]"
Change component parameters (AddParameter): Name = "SnapEDA_Link"; Value = "https://www.snapeda.com/parts/B340A-13/Diodes+Inc./view-part/?ref=snap"; VariantName = "[No Variations]"
Change component parameters (AddParameter): Name = "Value"; Value = ""; VariantName = "[No Variations]"
Added Member To Class: ClassName=Sheet1 Member=Component JP? JP 1x8 2.54
Added Member To Class: ClassName=Sheet1 Member=Component  mfrc522
Added Room: Name=Sheet1
