Added Component: Designator=P?(HDR1X12)
Add component (AddParameter): Name = "LatestRevisionDate"; Value = "17-Jul-2002"; VariantName = "[No Variations]"
Add component (AddParameter): Name = "LatestRevisionNote"; Value = "Re-released for DXP Platform."; VariantName = "[No Variations]"
Add component (AddParameter): Name = "Publisher"; Value = "Altium Limited"; VariantName = "[No Variations]"
Added Component: Designator=P?(HDR1X12)
Add component (AddParameter): Name = "LatestRevisionDate"; Value = "17-Jul-2002"; VariantName = "[No Variations]"
Add component (AddParameter): Name = "LatestRevisionNote"; Value = "Re-released for DXP Platform."; VariantName = "[No Variations]"
Add component (AddParameter): Name = "Publisher"; Value = "Altium Limited"; VariantName = "[No Variations]"
Added Pin To Net: NetName=+3V3 Pin=P?-1
Added Pin To Net: NetName=IO9 Pin=P?-2
Added Pin To Net: NetName=GND Pin=P?-4
Added Pin To Net: NetName=IO7 Pin=P?-4
Added Pin To Net: NetName=IO6 Pin=P?-5
Added Pin To Net: NetName=SWDIO Pin=P?-5
Added Pin To Net: NetName=IO5 Pin=P?-6
Added Pin To Net: NetName=SWCLK Pin=P?-6
Added Pin To Net: NetName=IO4 Pin=P?-7
Added Pin To Net: NetName=IO15 Pin=P?-7
Added Pin To Net: NetName=IO3 Pin=P?-8
Added Pin To Net: NetName=IO14 Pin=P?-8
Added Pin To Net: NetName=IO2 Pin=P?-9
Added Pin To Net: NetName=IO13 Pin=P?-9
Added Pin To Net: NetName=IO1 Pin=P?-10
Added Pin To Net: NetName=IO12 Pin=P?-10
Added Pin To Net: NetName=IO0 Pin=P?-11
Added Pin To Net: NetName=IO11 Pin=P?-11
Added Pin To Net: NetName=GND Pin=P?-12
Added Member To Class: ClassName=Sheet1 Member=Component P? Header 12
Added Member To Class: ClassName=Sheet1 Member=Component P? Header 12
Added Room: Name=Sheet1
