Removed Pin From Net: NetName=+3V3 Pin=H2-1
Removed Pin From Net: NetName=GND Pin=H2-2
Removed Pin From Net: NetName=+3V3 Pin=H2-3
Removed Pin From Net: NetName=IO16 Pin=H2-4
Removed Pin From Net: NetName=GND Pin=H2-18
Removed Pin From Net: NetName=VSYS Pin=H2-19
Removed Pin From Net: NetName=VSYS Pin=H2-20
Removed Pin From Net: NetName=+3V3 Pin=P?-1
Removed Pin From Net: NetName=IO9 Pin=P?-2
Removed Pin From Net: NetName=GND Pin=P?-4
Removed Pin From Net: NetName=IO7 Pin=P?-4
Removed Pin From Net: NetName=IO6 Pin=P?-5
Removed Pin From Net: NetName=SWDIO Pin=P?-5
Removed Pin From Net: NetName=IO5 Pin=P?-6
Removed Pin From Net: NetName=SWCLK Pin=P?-6
Removed Pin From Net: NetName=IO4 Pin=P?-7
Removed Pin From Net: NetName=IO15 Pin=P?-7
Removed Pin From Net: NetName=IO3 Pin=P?-8
Removed Pin From Net: NetName=IO14 Pin=P?-8
Removed Pin From Net: NetName=IO2 Pin=P?-9
Removed Pin From Net: NetName=IO11 Pin=P?-9
Removed Pin From Net: NetName=IO13 Pin=P?-9
Removed Pin From Net: NetName=IO1 Pin=P?-10
Removed Pin From Net: NetName=IO12 Pin=P?-10
Removed Pin From Net: NetName=IO0 Pin=P?-11
Removed Pin From Net: NetName=IO11 Pin=P?-11
Removed Pin From Net: NetName=GND Pin=P?-12
Change Component Footprint: Designator=P? Old Footprint=HDR1X10 New Footprint=HDR1X8
Change Component Comment : Designator=P? Old Comment=Header 10 New Comment=Header 8
Added Pin To Net: NetName=ADC2 Pin=P?-1
Added Pin To Net: NetName=IO11 Pin=P?-1
Added Pin To Net: NetName=ADC1 Pin=P?-2
Added Pin To Net: NetName=IO10 Pin=P?-2
Added Pin To Net: NetName=ADC0 Pin=P?-3
Added Pin To Net: NetName=IO9 Pin=P?-3
Added Pin To Net: NetName=IO25 Pin=P?-4
Added Pin To Net: NetName=IO7 Pin=P?-5
Added Pin To Net: NetName=IO24 Pin=P?-5
Added Pin To Net: NetName=IO6 Pin=P?-6
Added Pin To Net: NetName=IO23 Pin=P?-6
Added Pin To Net: NetName=IO5 Pin=P?-7
Added Pin To Net: NetName=IO22 Pin=P?-7
Added Pin To Net: NetName=IO4 Pin=P?-8
Added Pin To Net: NetName=IO21 Pin=P?-8
Added Pin To Net: NetName=IO3 Pin=P?-9
Added Pin To Net: NetName=IO20 Pin=P?-9
Added Pin To Net: NetName=IO2 Pin=P?-10
Added Pin To Net: NetName=IO19 Pin=P?-10
Added Pin To Net: NetName=IO1 Pin=P?-11
Added Pin To Net: NetName=IO18 Pin=P?-11
Added Pin To Net: NetName=IO0 Pin=P?-12
Added Pin To Net: NetName=IO17 Pin=P?-12
Added Member To Class: ClassName=Sheet1 Member=Component P? Header 12
Added Member To Class: ClassName=Sheet1 Member=Component P? Header 12
