Removed Pin From Net: NetName=GND Pin=H1-1
Removed Pin From Net: NetName=+3V3 Pin=H1-2
Removed Pin From Net: NetName=IO15 Pin=H1-3
Removed Pin From Net: NetName=IO14 Pin=H1-4
Removed Pin From Net: NetName=IO13 Pin=H1-5
Removed Pin From Net: NetName=IO12 Pin=H1-6
Removed Pin From Net: NetName=IO11 Pin=H1-7
Removed Pin From Net: NetName=IO10 Pin=H1-8
Removed Pin From Net: NetName=IO9 Pin=H1-9
Removed Pin From Net: NetName=IO7 Pin=H1-11
Removed Pin From Net: NetName=IO6 Pin=H1-12
Removed Pin From Net: NetName=IO5 Pin=H1-13
Removed Pin From Net: NetName=IO4 Pin=H1-14
Removed Pin From Net: NetName=IO3 Pin=H1-15
Removed Pin From Net: NetName=IO2 Pin=H1-16
Removed Pin From Net: NetName=IO1 Pin=H1-17
Removed Pin From Net: NetName=IO0 Pin=H1-18
Removed Pin From Net: NetName=GND Pin=H1-19
Removed Pin From Net: NetName=GND Pin=H1-20
Removed Pin From Net: NetName=IO17 Pin=H2-5
Removed Pin From Net: NetName=IO18 Pin=H2-6
Removed Pin From Net: NetName=IO19 Pin=H2-7
Removed Pin From Net: NetName=IO20 Pin=H2-8
Removed Pin From Net: NetName=IO21 Pin=H2-9
Removed Pin From Net: NetName=IO22 Pin=H2-10
Removed Pin From Net: NetName=IO23 Pin=H2-11
Removed Pin From Net: NetName=IO24 Pin=H2-12
Removed Pin From Net: NetName=IO25 Pin=H2-13
Removed Pin From Net: NetName=ADC0 Pin=H2-14
Removed Pin From Net: NetName=ADC1 Pin=H2-15
Removed Pin From Net: NetName=ADC2 Pin=H2-16
Removed Pin From Net: NetName=ADC3 Pin=H2-17
Removed Pin From Net: NetName=SWCLK Pin=P2-1
Removed Pin From Net: NetName=SWDIO Pin=P2-2
Removed Pin From Net: NetName=GND Pin=P2-3
Removed Pin From Net: NetName=SWDIO Pin=P?-3
Removed Pin From Net: NetName=SWCLK Pin=P?-4
Removed Pin From Net: NetName=IO15 Pin=P?-5
Removed Pin From Net: NetName=IO14 Pin=P?-6
Removed Pin From Net: NetName=IO13 Pin=P?-7
Removed Pin From Net: NetName=IO12 Pin=P?-8
Removed Member From Class: ClassName=Sheet1 Member=H1
Removed Member From Class: ClassName=Sheet1 Member=P2
Removed Member From Class: ClassName=Sheet1 Member=P?
Change Component Footprint: Designator=H2 Old Footprint=JUMP 1X20 DT New Footprint=HDR 1X14
Change Component Comment : Designator=H2 Old Comment=JP_20_CC New Comment=HDR 1X14
Change Component Designator: OldDesignator=* NewDesignator=H1
Change Component Designator: OldDesignator=P? NewDesignator=P1
Added Pin To Net: NetName=IO13 Pin=H1-1
Added Pin To Net: NetName=IO12 Pin=H1-2
Added Pin To Net: NetName=IO11 Pin=H1-3
Added Pin To Net: NetName=IO10 Pin=H1-4
Added Pin To Net: NetName=IO9 Pin=H1-5
Added Pin To Net: NetName=IO7 Pin=H1-7
Added Pin To Net: NetName=IO6 Pin=H1-8
Added Pin To Net: NetName=IO5 Pin=H1-9
Added Pin To Net: NetName=IO4 Pin=H1-10
Added Pin To Net: NetName=IO3 Pin=H1-11
Added Pin To Net: NetName=IO2 Pin=H1-12
Added Pin To Net: NetName=IO1 Pin=H1-13
Added Pin To Net: NetName=IO0 Pin=H1-14
Added Pin To Net: NetName=VSYS Pin=H2-1
Added Pin To Net: NetName=ADC3 Pin=H2-2
Added Pin To Net: NetName=ADC2 Pin=H2-3
Added Pin To Net: NetName=ADC1 Pin=H2-4
Added Pin To Net: NetName=ADC0 Pin=H2-5
Added Pin To Net: NetName=IO25 Pin=H2-6
Added Pin To Net: NetName=IO24 Pin=H2-7
Added Pin To Net: NetName=IO23 Pin=H2-8
Added Pin To Net: NetName=IO22 Pin=H2-9
Added Pin To Net: NetName=IO21 Pin=H2-10
Added Pin To Net: NetName=IO20 Pin=H2-11
Added Pin To Net: NetName=IO19 Pin=H2-12
Added Pin To Net: NetName=+3V3 Pin=H2-13
Added Pin To Net: NetName=GND Pin=H2-14
Added Pin To Net: NetName=IO18 Pin=P1-1
Added Pin To Net: NetName=IO17 Pin=P1-2
Added Pin To Net: NetName=IO16 Pin=P1-3
Added Pin To Net: NetName=SWDIO Pin=P1-4
Added Pin To Net: NetName=SWCLK Pin=P1-5
Added Pin To Net: NetName=GND Pin=P1-6
Added Pin To Net: NetName=IO15 Pin=P1-7
Added Pin To Net: NetName=IO14 Pin=P1-8
Added Member To Class: ClassName=Sheet1 Member=Component P1 Header 8
