Added Component: Designator=C1(CAP_0805)
Add component (AddParameter): Name = "Dielectric"; Value = ""; VariantName = "[No Variations]"
Add component (AddParameter): Name = "Distributor Link"; Value = ""; VariantName = "[No Variations]"
Add component (AddParameter): Name = "LCSC"; Value = ""; VariantName = "[No Variations]"
Add component (AddParameter): Name = "Manufacturer"; Value = ""; VariantName = "[No Variations]"
Add component (AddParameter): Name = "Manufacturer Part Number"; Value = ""; VariantName = "[No Variations]"
Add component (AddParameter): Name = "Rating"; Value = ""; VariantName = "[No Variations]"
Added Component: Designator=C2(CAP_0805)
Add component (AddParameter): Name = "Dielectric"; Value = ""; VariantName = "[No Variations]"
Add component (AddParameter): Name = "Distributor Link"; Value = ""; VariantName = "[No Variations]"
Add component (AddParameter): Name = "LCSC"; Value = ""; VariantName = "[No Variations]"
Add component (AddParameter): Name = "Manufacturer"; Value = ""; VariantName = "[No Variations]"
Add component (AddParameter): Name = "Manufacturer Part Number"; Value = ""; VariantName = "[No Variations]"
Add component (AddParameter): Name = "Rating"; Value = ""; VariantName = "[No Variations]"
Added Component: Designator=C3(CAP_0805)
Add component (AddParameter): Name = "Dielectric"; Value = ""; VariantName = "[No Variations]"
Add component (AddParameter): Name = "Distributor Link"; Value = ""; VariantName = "[No Variations]"
Add component (AddParameter): Name = "LCSC"; Value = ""; VariantName = "[No Variations]"
Add component (AddParameter): Name = "Manufacturer"; Value = ""; VariantName = "[No Variations]"
Add component (AddParameter): Name = "Manufacturer Part Number"; Value = ""; VariantName = "[No Variations]"
Add component (AddParameter): Name = "Rating"; Value = ""; VariantName = "[No Variations]"
Added Component: Designator=C4(CAP_0805)
Add component (AddParameter): Name = "Dielectric"; Value = ""; VariantName = "[No Variations]"
Add component (AddParameter): Name = "Distributor Link"; Value = ""; VariantName = "[No Variations]"
Add component (AddParameter): Name = "LCSC"; Value = ""; VariantName = "[No Variations]"
Add component (AddParameter): Name = "Manufacturer"; Value = ""; VariantName = "[No Variations]"
Add component (AddParameter): Name = "Manufacturer Part Number"; Value = ""; VariantName = "[No Variations]"
Add component (AddParameter): Name = "Rating"; Value = ""; VariantName = "[No Variations]"
Added Component: Designator=C5(CAP_0805)
Add component (AddParameter): Name = "Dielectric"; Value = ""; VariantName = "[No Variations]"
Add component (AddParameter): Name = "Distributor Link"; Value = ""; VariantName = "[No Variations]"
Add component (AddParameter): Name = "LCSC"; Value = ""; VariantName = "[No Variations]"
Add component (AddParameter): Name = "Manufacturer"; Value = ""; VariantName = "[No Variations]"
Add component (AddParameter): Name = "Manufacturer Part Number"; Value = ""; VariantName = "[No Variations]"
Add component (AddParameter): Name = "Rating"; Value = ""; VariantName = "[No Variations]"
Added Component: Designator=C6(CAP_0805)
Add component (AddParameter): Name = "Dielectric"; Value = ""; VariantName = "[No Variations]"
Add component (AddParameter): Name = "Distributor Link"; Value = ""; VariantName = "[No Variations]"
Add component (AddParameter): Name = "LCSC"; Value = ""; VariantName = "[No Variations]"
Add component (AddParameter): Name = "Manufacturer"; Value = ""; VariantName = "[No Variations]"
Add component (AddParameter): Name = "Manufacturer Part Number"; Value = ""; VariantName = "[No Variations]"
Add component (AddParameter): Name = "Rating"; Value = ""; VariantName = "[No Variations]"
Added Component: Designator=C7(CAP_0805)
Add component (AddParameter): Name = "Dielectric"; Value = ""; VariantName = "[No Variations]"
Add component (AddParameter): Name = "Distributor Link"; Value = ""; VariantName = "[No Variations]"
Add component (AddParameter): Name = "LCSC"; Value = ""; VariantName = "[No Variations]"
Add component (AddParameter): Name = "Manufacturer"; Value = ""; VariantName = "[No Variations]"
Add component (AddParameter): Name = "Manufacturer Part Number"; Value = ""; VariantName = "[No Variations]"
Add component (AddParameter): Name = "Rating"; Value = ""; VariantName = "[No Variations]"
Added Component: Designator=C8(CAP_0805)
Add component (AddParameter): Name = "Dielectric"; Value = ""; VariantName = "[No Variations]"
Add component (AddParameter): Name = "Distributor Link"; Value = ""; VariantName = "[No Variations]"
Add component (AddParameter): Name = "LCSC"; Value = ""; VariantName = "[No Variations]"
Add component (AddParameter): Name = "Manufacturer"; Value = ""; VariantName = "[No Variations]"
Add component (AddParameter): Name = "Manufacturer Part Number"; Value = ""; VariantName = "[No Variations]"
Add component (AddParameter): Name = "Rating"; Value = ""; VariantName = "[No Variations]"
Added Component: Designator=C9(CAP_0805)
Add component (AddParameter): Name = "Dielectric"; Value = ""; VariantName = "[No Variations]"
Add component (AddParameter): Name = "Distributor Link"; Value = ""; VariantName = "[No Variations]"
Add component (AddParameter): Name = "LCSC"; Value = ""; VariantName = "[No Variations]"
Add component (AddParameter): Name = "Manufacturer"; Value = ""; VariantName = "[No Variations]"
Add component (AddParameter): Name = "Manufacturer Part Number"; Value = ""; VariantName = "[No Variations]"
Add component (AddParameter): Name = "Rating"; Value = ""; VariantName = "[No Variations]"
Added Component: Designator=C10(CAP_0805)
Add component (AddParameter): Name = "Dielectric"; Value = ""; VariantName = "[No Variations]"
Add component (AddParameter): Name = "Distributor Link"; Value = ""; VariantName = "[No Variations]"
Add component (AddParameter): Name = "LCSC"; Value = ""; VariantName = "[No Variations]"
Add component (AddParameter): Name = "Manufacturer"; Value = ""; VariantName = "[No Variations]"
Add component (AddParameter): Name = "Manufacturer Part Number"; Value = ""; VariantName = "[No Variations]"
Add component (AddParameter): Name = "Rating"; Value = ""; VariantName = "[No Variations]"
Added Component: Designator=C11(CAP_0805)
Add component (AddParameter): Name = "Dielectric"; Value = ""; VariantName = "[No Variations]"
Add component (AddParameter): Name = "Distributor Link"; Value = ""; VariantName = "[No Variations]"
Add component (AddParameter): Name = "LCSC"; Value = ""; VariantName = "[No Variations]"
Add component (AddParameter): Name = "Manufacturer"; Value = ""; VariantName = "[No Variations]"
Add component (AddParameter): Name = "Manufacturer Part Number"; Value = ""; VariantName = "[No Variations]"
Add component (AddParameter): Name = "Rating"; Value = ""; VariantName = "[No Variations]"
Added Component: Designator=C12(CAP_0805)
Add component (AddParameter): Name = "Dielectric"; Value = ""; VariantName = "[No Variations]"
Add component (AddParameter): Name = "Distributor Link"; Value = ""; VariantName = "[No Variations]"
Add component (AddParameter): Name = "LCSC"; Value = ""; VariantName = "[No Variations]"
Add component (AddParameter): Name = "Manufacturer"; Value = ""; VariantName = "[No Variations]"
Add component (AddParameter): Name = "Manufacturer Part Number"; Value = ""; VariantName = "[No Variations]"
Add component (AddParameter): Name = "Rating"; Value = ""; VariantName = "[No Variations]"
Added Component: Designator=C13(CAP_0805)
Add component (AddParameter): Name = "Dielectric"; Value = ""; VariantName = "[No Variations]"
Add component (AddParameter): Name = "Distributor Link"; Value = ""; VariantName = "[No Variations]"
Add component (AddParameter): Name = "LCSC"; Value = ""; VariantName = "[No Variations]"
Add component (AddParameter): Name = "Manufacturer"; Value = ""; VariantName = "[No Variations]"
Add component (AddParameter): Name = "Manufacturer Part Number"; Value = ""; VariantName = "[No Variations]"
Add component (AddParameter): Name = "Rating"; Value = ""; VariantName = "[No Variations]"
Added Component: Designator=C14(CAP_0805)
Add component (AddParameter): Name = "Dielectric"; Value = ""; VariantName = "[No Variations]"
Add component (AddParameter): Name = "Distributor Link"; Value = ""; VariantName = "[No Variations]"
Add component (AddParameter): Name = "LCSC"; Value = ""; VariantName = "[No Variations]"
Add component (AddParameter): Name = "Manufacturer"; Value = ""; VariantName = "[No Variations]"
Add component (AddParameter): Name = "Manufacturer Part Number"; Value = ""; VariantName = "[No Variations]"
Add component (AddParameter): Name = "Rating"; Value = ""; VariantName = "[No Variations]"
Added Component: Designator=C15(CAP_0805)
Add component (AddParameter): Name = "Dielectric"; Value = ""; VariantName = "[No Variations]"
Add component (AddParameter): Name = "Distributor Link"; Value = ""; VariantName = "[No Variations]"
Add component (AddParameter): Name = "LCSC"; Value = ""; VariantName = "[No Variations]"
Add component (AddParameter): Name = "Manufacturer"; Value = ""; VariantName = "[No Variations]"
Add component (AddParameter): Name = "Manufacturer Part Number"; Value = ""; VariantName = "[No Variations]"
Add component (AddParameter): Name = "Rating"; Value = ""; VariantName = "[No Variations]"
Added Component: Designator=C16(CAP_0805)
Add component (AddParameter): Name = "Dielectric"; Value = ""; VariantName = "[No Variations]"
Add component (AddParameter): Name = "Distributor Link"; Value = ""; VariantName = "[No Variations]"
Add component (AddParameter): Name = "LCSC"; Value = ""; VariantName = "[No Variations]"
Add component (AddParameter): Name = "Manufacturer"; Value = ""; VariantName = "[No Variations]"
Add component (AddParameter): Name = "Manufacturer Part Number"; Value = ""; VariantName = "[No Variations]"
Add component (AddParameter): Name = "Rating"; Value = ""; VariantName = "[No Variations]"
Added Component: Designator=C17(CAP_0805)
Add component (AddParameter): Name = "Dielectric"; Value = ""; VariantName = "[No Variations]"
Add component (AddParameter): Name = "Distributor Link"; Value = ""; VariantName = "[No Variations]"
Add component (AddParameter): Name = "LCSC"; Value = ""; VariantName = "[No Variations]"
Add component (AddParameter): Name = "Manufacturer"; Value = ""; VariantName = "[No Variations]"
Add component (AddParameter): Name = "Manufacturer Part Number"; Value = ""; VariantName = "[No Variations]"
Add component (AddParameter): Name = "Rating"; Value = ""; VariantName = "[No Variations]"
Added Component: Designator=D1(B340A)
Add component (AddParameter): Name = "Availability"; Value = "In Stock"; VariantName = "[No Variations]"
Add component (AddParameter): Name = "Check_prices"; Value = "https://www.snapeda.com/parts/B340A-13/Diodes+Inc./view-part/?ref=eda"; VariantName = "[No Variations]"
Add component (AddParameter): Name = "MF"; Value = "Diodes Inc."; VariantName = "[No Variations]"
Add component (AddParameter): Name = "MP"; Value = "B340A-13"; VariantName = "[No Variations]"
Add component (AddParameter): Name = "Package"; Value = "DO-214 Diodes Inc."; VariantName = "[No Variations]"
Add component (AddParameter): Name = "Price"; Value = "None"; VariantName = "[No Variations]"
Add component (AddParameter): Name = "Purchase-URL"; Value = "https://pricing.snapeda.com/search/part/B340A-13/?ref=eda"; VariantName = "[No Variations]"
Add component (AddParameter): Name = "SnapEDA_Link"; Value = "https://www.snapeda.com/parts/B340A-13/Diodes+Inc./view-part/?ref=snap"; VariantName = "[No Variations]"
Add component (AddParameter): Name = "Value"; Value = ""; VariantName = "[No Variations]"
Added Component: Designator=H1(JP 1X20 DT)
Added Component: Designator=H2(JP 1X20 DT)
Added Component: Designator=J1(TYPE-C-31-M-12)
Add component (AddParameter): Name = "Manufacturer"; Value = "Koren Hroparts"; VariantName = "[No Variations]"
Add component (AddParameter): Name = "Manufacturer Part Number"; Value = "TYPE-C-31-M-12"; VariantName = "[No Variations]"
Added Component: Designator=LED_DEBUG(LED-0805-Red)
Added Component: Designator=LED_POW(LED-0805-Red)
Added Component: Designator=P1(JUMPER PITCH 2 PIN)
Added Component: Designator=P2(HDR1X3)
Add component (AddParameter): Name = "LatestRevisionDate"; Value = "17-Jul-2002"; VariantName = "[No Variations]"
Add component (AddParameter): Name = "LatestRevisionNote"; Value = "Re-released for DXP Platform."; VariantName = "[No Variations]"
Add component (AddParameter): Name = "Publisher"; Value = "Altium Limited"; VariantName = "[No Variations]"
Added Component: Designator=R1(RES_0805)
Add component (AddParameter): Name = "Distributor Link"; Value = ""; VariantName = "[No Variations]"
Add component (AddParameter): Name = "LCSC"; Value = ""; VariantName = "[No Variations]"
Add component (AddParameter): Name = "Manufacturer"; Value = ""; VariantName = "[No Variations]"
Add component (AddParameter): Name = "Manufacturer Part Number"; Value = ""; VariantName = "[No Variations]"
Added Component: Designator=R2(RES_0805)
Add component (AddParameter): Name = "Distributor Link"; Value = ""; VariantName = "[No Variations]"
Add component (AddParameter): Name = "LCSC"; Value = ""; VariantName = "[No Variations]"
Add component (AddParameter): Name = "Manufacturer"; Value = ""; VariantName = "[No Variations]"
Add component (AddParameter): Name = "Manufacturer Part Number"; Value = ""; VariantName = "[No Variations]"
Added Component: Designator=R3(RES_0805)
Add component (AddParameter): Name = "Distributor Link"; Value = ""; VariantName = "[No Variations]"
Add component (AddParameter): Name = "LCSC"; Value = ""; VariantName = "[No Variations]"
Add component (AddParameter): Name = "Manufacturer"; Value = ""; VariantName = "[No Variations]"
Add component (AddParameter): Name = "Manufacturer Part Number"; Value = ""; VariantName = "[No Variations]"
Added Component: Designator=R4(RES_0805)
Add component (AddParameter): Name = "Distributor Link"; Value = ""; VariantName = "[No Variations]"
Add component (AddParameter): Name = "LCSC"; Value = ""; VariantName = "[No Variations]"
Add component (AddParameter): Name = "Manufacturer"; Value = ""; VariantName = "[No Variations]"
Add component (AddParameter): Name = "Manufacturer Part Number"; Value = ""; VariantName = "[No Variations]"
Added Component: Designator=R5(RES_0805)
Add component (AddParameter): Name = "Distributor Link"; Value = ""; VariantName = "[No Variations]"
Add component (AddParameter): Name = "LCSC"; Value = ""; VariantName = "[No Variations]"
Add component (AddParameter): Name = "Manufacturer"; Value = ""; VariantName = "[No Variations]"
Add component (AddParameter): Name = "Manufacturer Part Number"; Value = ""; VariantName = "[No Variations]"
Added Component: Designator=R6(RES_0805)
Add component (AddParameter): Name = "Distributor Link"; Value = ""; VariantName = "[No Variations]"
Add component (AddParameter): Name = "LCSC"; Value = ""; VariantName = "[No Variations]"
Add component (AddParameter): Name = "Manufacturer"; Value = ""; VariantName = "[No Variations]"
Add component (AddParameter): Name = "Manufacturer Part Number"; Value = ""; VariantName = "[No Variations]"
Added Component: Designator=R7(RES_0805)
Add component (AddParameter): Name = "Distributor Link"; Value = ""; VariantName = "[No Variations]"
Add component (AddParameter): Name = "LCSC"; Value = ""; VariantName = "[No Variations]"
Add component (AddParameter): Name = "Manufacturer"; Value = ""; VariantName = "[No Variations]"
Add component (AddParameter): Name = "Manufacturer Part Number"; Value = ""; VariantName = "[No Variations]"
Added Component: Designator=R8(RES_0805)
Add component (AddParameter): Name = "Distributor Link"; Value = ""; VariantName = "[No Variations]"
Add component (AddParameter): Name = "LCSC"; Value = ""; VariantName = "[No Variations]"
Add component (AddParameter): Name = "Manufacturer"; Value = ""; VariantName = "[No Variations]"
Add component (AddParameter): Name = "Manufacturer Part Number"; Value = ""; VariantName = "[No Variations]"
Added Component: Designator=R9(RES_0805)
Add component (AddParameter): Name = "Distributor Link"; Value = ""; VariantName = "[No Variations]"
Add component (AddParameter): Name = "LCSC"; Value = ""; VariantName = "[No Variations]"
Add component (AddParameter): Name = "Manufacturer"; Value = ""; VariantName = "[No Variations]"
Add component (AddParameter): Name = "Manufacturer Part Number"; Value = ""; VariantName = "[No Variations]"
Added Component: Designator=R10(RES_0805)
Add component (AddParameter): Name = "Distributor Link"; Value = ""; VariantName = "[No Variations]"
Add component (AddParameter): Name = "LCSC"; Value = ""; VariantName = "[No Variations]"
Add component (AddParameter): Name = "Manufacturer"; Value = ""; VariantName = "[No Variations]"
Add component (AddParameter): Name = "Manufacturer Part Number"; Value = ""; VariantName = "[No Variations]"
Added Component: Designator=SW1(DTSM-3)
Add component (AddParameter): Name = "Manufacturer"; Value = "Diptronics"; VariantName = "[No Variations]"
Add component (AddParameter): Name = "Manufacturer Part Number"; Value = "DTSM-3"; VariantName = "[No Variations]"
Added Component: Designator=U1(SOIC-8)
Add component (AddParameter): Name = "Manufacturer"; Value = "Winbond"; VariantName = "[No Variations]"
Add component (AddParameter): Name = "Manufacturer Part Number"; Value = "W25Q128JVSIM"; VariantName = "[No Variations]"
Added Component: Designator=U2(QFN-56-EP)
Add component (AddParameter): Name = "Manufacturer"; Value = "Raspberry Pi"; VariantName = "[No Variations]"
Add component (AddParameter): Name = "Manufacturer Part Number"; Value = "RP2040"; VariantName = "[No Variations]"
Added Component: Designator=U3(SOT223 - 3 LEAD)
Added Component: Designator=X1(XTAL_2520)
Add component (AddParameter): Name = "Distributor Link"; Value = ""; VariantName = "[No Variations]"
Add component (AddParameter): Name = "Manufacturer"; Value = ""; VariantName = "[No Variations]"
Add component (AddParameter): Name = "Manufacturer Part Number"; Value = ""; VariantName = "[No Variations]"
Added Pin To Net: NetName=+1V1 Pin=C9-1
Added Pin To Net: NetName=+1V1 Pin=C10-2
Added Pin To Net: NetName=+1V1 Pin=C11-2
Added Pin To Net: NetName=+1V1 Pin=U2-23
Added Pin To Net: NetName=+1V1 Pin=U2-45
Added Pin To Net: NetName=+1V1 Pin=U2-50
Added Net: Name=+1V1
Added Pin To Net: NetName=+3V3 Pin=C1-1
Added Pin To Net: NetName=+3V3 Pin=C2-1
Added Pin To Net: NetName=+3V3 Pin=C3-1
Added Pin To Net: NetName=+3V3 Pin=C4-1
Added Pin To Net: NetName=+3V3 Pin=C5-1
Added Pin To Net: NetName=+3V3 Pin=C6-1
Added Pin To Net: NetName=+3V3 Pin=C7-1
Added Pin To Net: NetName=+3V3 Pin=C8-2
Added Pin To Net: NetName=+3V3 Pin=C12-2
Added Pin To Net: NetName=+3V3 Pin=C17-2
Added Pin To Net: NetName=+3V3 Pin=H1-2
Added Pin To Net: NetName=+3V3 Pin=H2-5
Added Pin To Net: NetName=+3V3 Pin=H2-18
Added Pin To Net: NetName=+3V3 Pin=H2-19
Added Pin To Net: NetName=+3V3 Pin=R1-1
Added Pin To Net: NetName=+3V3 Pin=R9-1
Added Pin To Net: NetName=+3V3 Pin=R10-2
Added Pin To Net: NetName=+3V3 Pin=U1-8
Added Pin To Net: NetName=+3V3 Pin=U2-1
Added Pin To Net: NetName=+3V3 Pin=U2-10
Added Pin To Net: NetName=+3V3 Pin=U2-22
Added Pin To Net: NetName=+3V3 Pin=U2-33
Added Pin To Net: NetName=+3V3 Pin=U2-42
Added Pin To Net: NetName=+3V3 Pin=U2-43
Added Pin To Net: NetName=+3V3 Pin=U2-44
Added Pin To Net: NetName=+3V3 Pin=U2-48
Added Pin To Net: NetName=+3V3 Pin=U2-49
Added Pin To Net: NetName=+3V3 Pin=U3-2
Added Net: Name=+3V3
Added Pin To Net: NetName=\U\S\B\_\B\O\O\T Pin=P1-1
Added Pin To Net: NetName=\U\S\B\_\B\O\O\T Pin=R2-2
Added Net: Name=\U\S\B\_\B\O\O\T
Added Pin To Net: NetName=ADC0 Pin=H2-14
Added Pin To Net: NetName=ADC0 Pin=U2-38
Added Net: Name=ADC0
Added Pin To Net: NetName=ADC1 Pin=H2-15
Added Pin To Net: NetName=ADC1 Pin=U2-39
Added Net: Name=ADC1
Added Pin To Net: NetName=ADC2 Pin=H2-16
Added Pin To Net: NetName=ADC2 Pin=U2-40
Added Net: Name=ADC2
Added Pin To Net: NetName=ADC3 Pin=H2-17
Added Pin To Net: NetName=ADC3 Pin=U2-41
Added Net: Name=ADC3
Added Pin To Net: NetName=GND Pin=C1-2
Added Pin To Net: NetName=GND Pin=C2-2
Added Pin To Net: NetName=GND Pin=C3-2
Added Pin To Net: NetName=GND Pin=C4-2
Added Pin To Net: NetName=GND Pin=C5-2
Added Pin To Net: NetName=GND Pin=C6-2
Added Pin To Net: NetName=GND Pin=C7-2
Added Pin To Net: NetName=GND Pin=C8-1
Added Pin To Net: NetName=GND Pin=C9-2
Added Pin To Net: NetName=GND Pin=C10-1
Added Pin To Net: NetName=GND Pin=C11-1
Added Pin To Net: NetName=GND Pin=C12-1
Added Pin To Net: NetName=GND Pin=C13-1
Added Pin To Net: NetName=GND Pin=C14-1
Added Pin To Net: NetName=GND Pin=C15-1
Added Pin To Net: NetName=GND Pin=C16-1
Added Pin To Net: NetName=GND Pin=C17-1
Added Pin To Net: NetName=GND Pin=H1-1
Added Pin To Net: NetName=GND Pin=H2-2
Added Pin To Net: NetName=GND Pin=H2-4
Added Pin To Net: NetName=GND Pin=H2-20
Added Pin To Net: NetName=GND Pin=J1-A1B12
Added Pin To Net: NetName=GND Pin=J1-B1A12
Added Pin To Net: NetName=GND Pin=J1-SH
Added Pin To Net: NetName=GND Pin=J1-SH
Added Pin To Net: NetName=GND Pin=J1-SH
Added Pin To Net: NetName=GND Pin=J1-SH
Added Pin To Net: NetName=GND Pin=LED_POW-2
Added Pin To Net: NetName=GND Pin=P1-2
Added Pin To Net: NetName=GND Pin=P2-3
Added Pin To Net: NetName=GND Pin=R6-2
Added Pin To Net: NetName=GND Pin=R7-2
Added Pin To Net: NetName=GND Pin=SW1-2
Added Pin To Net: NetName=GND Pin=U1-4
Added Pin To Net: NetName=GND Pin=U2-19
Added Pin To Net: NetName=GND Pin=U2-57
Added Pin To Net: NetName=GND Pin=U3-1
Added Pin To Net: NetName=GND Pin=X1-2
Added Pin To Net: NetName=GND Pin=X1-4
Added Net: Name=GND
Added Pin To Net: NetName=IO0 Pin=LED_DEBUG-2
Added Pin To Net: NetName=IO0 Pin=U2-2
Added Net: Name=IO0
Added Pin To Net: NetName=IO1 Pin=H1-19
Added Pin To Net: NetName=IO1 Pin=H1-20
Added Pin To Net: NetName=IO1 Pin=U2-3
Added Net: Name=IO1
Added Pin To Net: NetName=IO2 Pin=U2-4
Added Net: Name=IO2
Added Pin To Net: NetName=IO3 Pin=H1-18
Added Pin To Net: NetName=IO3 Pin=U2-5
Added Net: Name=IO3
Added Pin To Net: NetName=IO4 Pin=H1-17
Added Pin To Net: NetName=IO4 Pin=U2-6
Added Net: Name=IO4
Added Pin To Net: NetName=IO5 Pin=H1-16
Added Pin To Net: NetName=IO5 Pin=U2-7
Added Net: Name=IO5
Added Pin To Net: NetName=IO6 Pin=H1-15
Added Pin To Net: NetName=IO6 Pin=U2-8
Added Net: Name=IO6
Added Pin To Net: NetName=IO7 Pin=H1-13
Added Pin To Net: NetName=IO7 Pin=H1-14
Added Pin To Net: NetName=IO7 Pin=U2-9
Added Net: Name=IO7
Added Pin To Net: NetName=IO8 Pin=H1-12
Added Pin To Net: NetName=IO8 Pin=U2-11
Added Net: Name=IO8
Added Pin To Net: NetName=IO9 Pin=H1-11
Added Pin To Net: NetName=IO9 Pin=U2-12
Added Net: Name=IO9
Added Pin To Net: NetName=IO10 Pin=H1-10
Added Pin To Net: NetName=IO10 Pin=U2-13
Added Net: Name=IO10
Added Pin To Net: NetName=IO11 Pin=H1-9
Added Pin To Net: NetName=IO11 Pin=U2-14
Added Net: Name=IO11
Added Pin To Net: NetName=IO12 Pin=H1-8
Added Pin To Net: NetName=IO12 Pin=U2-15
Added Net: Name=IO12
Added Pin To Net: NetName=IO13 Pin=H1-7
Added Pin To Net: NetName=IO13 Pin=U2-16
Added Net: Name=IO13
Added Pin To Net: NetName=IO14 Pin=H1-6
Added Pin To Net: NetName=IO14 Pin=U2-17
Added Net: Name=IO14
Added Pin To Net: NetName=IO15 Pin=H1-5
Added Pin To Net: NetName=IO15 Pin=U2-18
Added Net: Name=IO15
Added Pin To Net: NetName=IO16 Pin=H1-4
Added Pin To Net: NetName=IO16 Pin=U2-27
Added Net: Name=IO16
Added Pin To Net: NetName=IO17 Pin=H1-3
Added Pin To Net: NetName=IO17 Pin=U2-28
Added Net: Name=IO17
Added Pin To Net: NetName=IO18 Pin=H2-6
Added Pin To Net: NetName=IO18 Pin=U2-29
Added Net: Name=IO18
Added Pin To Net: NetName=IO19 Pin=H2-7
Added Pin To Net: NetName=IO19 Pin=U2-30
Added Net: Name=IO19
Added Pin To Net: NetName=IO20 Pin=H2-8
Added Pin To Net: NetName=IO20 Pin=U2-31
Added Net: Name=IO20
Added Pin To Net: NetName=IO21 Pin=H2-9
Added Pin To Net: NetName=IO21 Pin=U2-32
Added Net: Name=IO21
Added Pin To Net: NetName=IO22 Pin=H2-10
Added Pin To Net: NetName=IO22 Pin=U2-34
Added Net: Name=IO22
Added Pin To Net: NetName=IO23 Pin=H2-11
Added Pin To Net: NetName=IO23 Pin=U2-35
Added Net: Name=IO23
Added Pin To Net: NetName=IO24 Pin=H2-12
Added Pin To Net: NetName=IO24 Pin=U2-36
Added Net: Name=IO24
Added Pin To Net: NetName=IO25 Pin=H2-13
Added Pin To Net: NetName=IO25 Pin=U2-37
Added Net: Name=IO25
Added Pin To Net: NetName=NetC14_2 Pin=C14-2
Added Pin To Net: NetName=NetC14_2 Pin=R5-1
Added Pin To Net: NetName=NetC14_2 Pin=X1-3
Added Net: Name=NetC14_2
Added Pin To Net: NetName=NetJ1_A5 Pin=J1-A5
Added Pin To Net: NetName=NetJ1_A5 Pin=R6-1
Added Net: Name=NetJ1_A5
Added Pin To Net: NetName=NetJ1_B5 Pin=J1-B5
Added Pin To Net: NetName=NetJ1_B5 Pin=R7-1
Added Net: Name=NetJ1_B5
Added Pin To Net: NetName=NetLED_DEBUG_1 Pin=LED_DEBUG-1
Added Pin To Net: NetName=NetLED_DEBUG_1 Pin=R10-1
Added Net: Name=NetLED_DEBUG_1
Added Pin To Net: NetName=NetLED_POW_1 Pin=LED_POW-1
Added Pin To Net: NetName=NetLED_POW_1 Pin=R9-2
Added Net: Name=NetLED_POW_1
Added Pin To Net: NetName=NetR3_1 Pin=R3-1
Added Pin To Net: NetName=NetR3_1 Pin=U2-47
Added Net: Name=NetR3_1
Added Pin To Net: NetName=NetR4_1 Pin=R4-1
Added Pin To Net: NetName=NetR4_1 Pin=U2-46
Added Net: Name=NetR4_1
Added Pin To Net: NetName=RUN Pin=C15-2
Added Pin To Net: NetName=RUN Pin=SW1-1
Added Pin To Net: NetName=RUN Pin=U2-26
Added Net: Name=RUN
Added Pin To Net: NetName=SPI_SCLK Pin=U1-6
Added Pin To Net: NetName=SPI_SCLK Pin=U2-52
Added Net: Name=SPI_SCLK
Added Pin To Net: NetName=SPI_SD0 Pin=U2-53
Added Net: Name=SPI_SD0
Added Pin To Net: NetName=SPI_SD1 Pin=U1-2
Added Pin To Net: NetName=SPI_SD1 Pin=U2-55
Added Net: Name=SPI_SD1
Added Pin To Net: NetName=SPI_SD2 Pin=U1-3
Added Pin To Net: NetName=SPI_SD2 Pin=U2-54
Added Net: Name=SPI_SD2
Added Pin To Net: NetName=SPI_SD3 Pin=U1-7
Added Pin To Net: NetName=SPI_SD3 Pin=U2-51
Added Net: Name=SPI_SD3
Added Pin To Net: NetName=SPI_SS Pin=R1-2
Added Pin To Net: NetName=SPI_SS Pin=R2-1
Added Pin To Net: NetName=SPI_SS Pin=U1-1
Added Pin To Net: NetName=SPI_SS Pin=U2-56
Added Net: Name=SPI_SS
Added Pin To Net: NetName=SWCLK Pin=P2-1
Added Pin To Net: NetName=SWCLK Pin=U2-24
Added Net: Name=SWCLK
Added Pin To Net: NetName=SWDIO Pin=P2-2
Added Pin To Net: NetName=SWDIO Pin=U2-25
Added Net: Name=SWDIO
Added Pin To Net: NetName=USB_D+ Pin=J1-A6
Added Pin To Net: NetName=USB_D+ Pin=J1-B6
Added Pin To Net: NetName=USB_D+ Pin=R3-2
Added Net: Name=USB_D+
Added Pin To Net: NetName=USB_D- Pin=J1-A7
Added Pin To Net: NetName=USB_D- Pin=J1-B7
Added Pin To Net: NetName=USB_D- Pin=R4-2
Added Net: Name=USB_D-
Added Pin To Net: NetName=VBUS Pin=D1-A
Added Pin To Net: NetName=VBUS Pin=H2-1
Added Pin To Net: NetName=VBUS Pin=J1-A4B9
Added Pin To Net: NetName=VBUS Pin=J1-B4A9
Added Net: Name=VBUS
Added Pin To Net: NetName=VSYS Pin=C16-2
Added Pin To Net: NetName=VSYS Pin=D1-C
Added Pin To Net: NetName=VSYS Pin=H2-3
Added Pin To Net: NetName=VSYS Pin=U3-3
Added Net: Name=VSYS
Added Pin To Net: NetName=XIN Pin=C13-2
Added Pin To Net: NetName=XIN Pin=U2-20
Added Pin To Net: NetName=XIN Pin=X1-1
Added Net: Name=XIN
Added Pin To Net: NetName=XOUT Pin=U2-21
Added Net: Name=XOUT
Added Class: Name=Sheet1
Added Room: Name=Sheet1
