Removed Pin From Net: NetName=+3V3 Pin=C1-1
Removed Pin From Net: NetName=+1V1 Pin=C10-2
Change Component DesignItemId : Designator=C1 Old DesignItemId=CAP_0805 New DesignItemId=CAP_0603
Change Component DesignItemId : Designator=C2 Old DesignItemId=CAP_0805 New DesignItemId=CAP_0603
Change Component DesignItemId : Designator=C3 Old DesignItemId=CAP_0805 New DesignItemId=CAP_0603
Change Component DesignItemId : Designator=C4 Old DesignItemId=CAP_0805 New DesignItemId=CAP_0603
Change Component DesignItemId : Designator=C5 Old DesignItemId=CAP_0805 New DesignItemId=CAP_0603
Change Component DesignItemId : Designator=C6 Old DesignItemId=CAP_0805 New DesignItemId=CAP_0603
Change Component DesignItemId : Designator=C7 Old DesignItemId=CAP_0805 New DesignItemId=CAP_0603
Change Component DesignItemId : Designator=C9 Old DesignItemId=CAP_0805 New DesignItemId=CAP_0603
Change Component DesignItemId : Designator=C10 Old DesignItemId=CAP_0805 New DesignItemId=CAP_0603
Change Component DesignItemId : Designator=C11 Old DesignItemId=CAP_0805 New DesignItemId=CAP_0603
Change Component DesignItemId : Designator=C12 Old DesignItemId=CAP_0805 New DesignItemId=CAP_0603
Change Component DesignItemId : Designator=C16 Old DesignItemId=CAP_0805 New DesignItemId=CAP_0603
Change Component DesignItemId : Designator=C17 Old DesignItemId=CAP_0805 New DesignItemId=CAP_0603
Change Component Footprint: Designator=C1 Old Footprint=CAP_0805 New Footprint=CAP_0603
Change Component Footprint: Designator=C2 Old Footprint=CAP_0805 New Footprint=CAP_0603
Change Component Footprint: Designator=C3 Old Footprint=CAP_0805 New Footprint=CAP_0603
Change Component Footprint: Designator=C4 Old Footprint=CAP_0805 New Footprint=CAP_0603
Change Component Footprint: Designator=C5 Old Footprint=CAP_0805 New Footprint=CAP_0603
Change Component Footprint: Designator=C6 Old Footprint=CAP_0805 New Footprint=CAP_0603
Change Component Footprint: Designator=C7 Old Footprint=CAP_0805 New Footprint=CAP_0603
Change Component Footprint: Designator=C9 Old Footprint=CAP_0805 New Footprint=CAP_0603
Change Component Footprint: Designator=C10 Old Footprint=CAP_0805 New Footprint=CAP_0603
Change Component Footprint: Designator=C11 Old Footprint=CAP_0805 New Footprint=CAP_0603
Change Component Footprint: Designator=C12 Old Footprint=CAP_0805 New Footprint=CAP_0603
Change Component Footprint: Designator=C16 Old Footprint=CAP_0805 New Footprint=CAP_0603
Change Component Footprint: Designator=C17 Old Footprint=CAP_0805 New Footprint=CAP_0603
Change Component Comment : Designator=C1 Old Comment=C0805 New Comment=C0603
Change Component Comment : Designator=C2 Old Comment=C0805 New Comment=C0603
Change Component Comment : Designator=C3 Old Comment=C0805 New Comment=C0603
Change Component Comment : Designator=C4 Old Comment=C0805 New Comment=C0603
Change Component Comment : Designator=C5 Old Comment=C0805 New Comment=C0603
Change Component Comment : Designator=C6 Old Comment=C0805 New Comment=C0603
Change Component Comment : Designator=C7 Old Comment=C0805 New Comment=C0603
Change Component Comment : Designator=C9 Old Comment=C0805 New Comment=C0603
Change Component Comment : Designator=C10 Old Comment=C0805 New Comment=C0603
Change Component Comment : Designator=C11 Old Comment=C0805 New Comment=C0603
Change Component Comment : Designator=C12 Old Comment=C0805 New Comment=C0603
Change Component Comment : Designator=C16 Old Comment=C0805 New Comment=C0603
Change Component Comment : Designator=C17 Old Comment=C0805 New Comment=C0603
Change Component Description : Designator=C1 Old Description=Capacitor SMD 0805 New Description=Capacitor SMD 0603
Change Component Description : Designator=C2 Old Description=Capacitor SMD 0805 New Description=Capacitor SMD 0603
Change Component Description : Designator=C3 Old Description=Capacitor SMD 0805 New Description=Capacitor SMD 0603
Change Component Description : Designator=C4 Old Description=Capacitor SMD 0805 New Description=Capacitor SMD 0603
Change Component Description : Designator=C5 Old Description=Capacitor SMD 0805 New Description=Capacitor SMD 0603
Change Component Description : Designator=C6 Old Description=Capacitor SMD 0805 New Description=Capacitor SMD 0603
Change Component Description : Designator=C7 Old Description=Capacitor SMD 0805 New Description=Capacitor SMD 0603
Change Component Description : Designator=C9 Old Description=Capacitor SMD 0805 New Description=Capacitor SMD 0603
Change Component Description : Designator=C10 Old Description=Capacitor SMD 0805 New Description=Capacitor SMD 0603
Change Component Description : Designator=C11 Old Description=Capacitor SMD 0805 New Description=Capacitor SMD 0603
Change Component Description : Designator=C12 Old Description=Capacitor SMD 0805 New Description=Capacitor SMD 0603
Change Component Description : Designator=C16 Old Description=Capacitor SMD 0805 New Description=Capacitor SMD 0603
Change Component Description : Designator=C17 Old Description=Capacitor SMD 0805 New Description=Capacitor SMD 0603
Added Pin To Net: NetName=GND Pin=C13-1
Added Pin To Net: NetName=GND Pin=C14-1
Added Pin To Net: NetName=GND Pin=R7-2
Added Pin To Net: NetName=NetJ1_B5 Pin=J1-B5
Added Pin To Net: NetName=NetJ1_B5 Pin=R7-1
Added Net: Name=NetJ1_B5
