Removed Pin From Net: NetName=IO15 Pin=H1-5
Removed Pin From Net: NetName=IO14 Pin=H1-6
Removed Pin From Net: NetName=IO13 Pin=H1-7
Removed Pin From Net: NetName=IO12 Pin=H1-8
Removed Pin From Net: NetName=IO11 Pin=H1-9
Removed Pin From Net: NetName=IO10 Pin=H1-10
Removed Pin From Net: NetName=IO9 Pin=H1-11
Removed Pin From Net: NetName=IO8 Pin=H1-12
Removed Pin From Net: NetName=IO7 Pin=H1-13
Removed Pin From Net: NetName=IO7 Pin=H1-14
Removed Pin From Net: NetName=IO6 Pin=H1-15
Removed Pin From Net: NetName=IO5 Pin=H1-16
Removed Pin From Net: NetName=IO4 Pin=H1-17
Removed Pin From Net: NetName=IO3 Pin=H1-18
Removed Pin From Net: NetName=IO2 Pin=H1-19
Removed Pin From Net: NetName=IO1 Pin=H1-20
Removed Pin From Net: NetName=GND Pin=H2-20
Removed Pin From Net: NetName=+3V3 Pin=U3-4
Added Pin To Net: NetName=IO14 Pin=H1-4
Added Pin To Net: NetName=IO13 Pin=H1-5
Added Pin To Net: NetName=IO12 Pin=H1-6
Added Pin To Net: NetName=IO11 Pin=H1-7
Added Pin To Net: NetName=IO10 Pin=H1-8
Added Pin To Net: NetName=IO9 Pin=H1-9
Added Pin To Net: NetName=IO8 Pin=H1-10
Added Pin To Net: NetName=IO7 Pin=H1-11
Added Pin To Net: NetName=IO6 Pin=H1-12
Added Pin To Net: NetName=IO5 Pin=H1-13
Added Pin To Net: NetName=IO4 Pin=H1-14
Added Pin To Net: NetName=IO3 Pin=H1-15
Added Pin To Net: NetName=IO2 Pin=H1-16
Added Pin To Net: NetName=IO1 Pin=H1-17
Added Pin To Net: NetName=IO0 Pin=H1-18
Added Pin To Net: NetName=GND Pin=H1-19
Added Pin To Net: NetName=GND Pin=H1-20
Added Pin To Net: NetName=+3V3 Pin=H2-20
Added Room: Name=Sheet1
