Removed Pin From Net: NetName=GND Pin=C12-1
Removed Pin From Net: NetName=+3V3 Pin=C12-2
Removed Pin From Net: NetName=+3V3 Pin=H2-2
Removed Pin From Net: NetName=GND Pin=H2-3
Removed Pin From Net: NetName=+3V3 Pin=H2-18
Removed Pin From Net: NetName=GND Pin=P1-2
Removed Pin From Net: NetName=RUN Pin=SW1-12
Removed Pin From Net: NetName=RUN Pin=SW1-12
Removed Pin From Net: NetName=GND Pin=SW1-34
Removed Pin From Net: NetName=GND Pin=SW1-34
Removed Pin From Net: NetName=IO8 Pin=U2-11
Removed Pin From Net: NetName=+3V3 Pin=U3-4
Removed Member From Class: ClassName=Sheet1 Member=C12
Removed Member From Class: ClassName=Sheet1 Member=P1
Added Pin To Net: NetName=GND Pin=H2-2
Added Pin To Net: NetName=+3V3 Pin=H2-3
Added Pin To Net: NetName=GND Pin=H2-18
Added Pin To Net: NetName=NetR2_2 Pin=R2-2
Added Net: Name=NetR2_2
Added Room: Name=Sheet1
